Installing dependencies for Frontend...

up to date, audited 1709 packages in 5s

264 packages are looking for funding
  run `npm fund` for details

8 vulnerabilities (2 moderate, 6 high)

To address all issues (including breaking changes), run:
  npm audit fix --force

Run `npm audit` for details.
Starting Frontend...
Command: cd "/c/Users/user/OneDrive - Î•Î¸Î½Î¹ÎºÏŒ ÎœÎµÏ„ÏƒÏŒÎ²Î¹Î¿ Î Î¿Î»Ï…Ï„ÎµÏ‡Î½ÎµÎ¯Î¿/ÎˆÎ³Î³ÏÎ±Ï†Î±/GitHub/saasv2/saas2024-24/frontend/fe" && npm start

> fe@0.1.0 start
> react-scripts start

(node:21148) [DEP_WEBPACK_DEV_SERVER_ON_AFTER_SETUP_MIDDLEWARE] DeprecationWarning: 'onAfterSetupMiddleware' option is deprecated. Please use the 'setupMiddlewares' option.
(Use `node --trace-deprecation ...` to show where the warning was created)
(node:21148) [DEP_WEBPACK_DEV_SERVER_ON_BEFORE_SETUP_MIDDLEWARE] DeprecationWarning: 'onBeforeSetupMiddleware' option is deprecated. Please use the 'setupMiddlewares' option.
Starting the development server...

Compiled successfully!

You can now view fe in the browser.

  Local:            http://localhost:3000
  On Your Network:  http://192.168.1.18:3000

Note that the development build is not optimized.
To create a production build, use npm run build.

webpack compiled [1m[32msuccessfully[39m[22m
